<?xml version="1.0" encoding="UTF-8"?>
<!-- Generated by org.testng.reporters.JUnitXMLReporter -->
<testsuite ignored="0" hostname="CTLT095" failures="0" tests="3" name="Default test" time="20.718" errors="0" timestamp="2020-10-22T15:48:02 IST">
  <testcase classname="com.nextgen.webautomation.testcases.VisaRegistrationTesting" name="visaRegistration" time="7.229"/>
  <testcase classname="com.nextgen.webautomation.testcases.VisaRegistrationTesting" name="visaRegistration" time="3.647"/>
  <testcase classname="com.nextgen.webautomation.testcases.VisaRegistrationTesting" name="visaRegistration" time="3.582"/>
</testsuite> <!-- Default test -->
