<?xml version="1.0" encoding="UTF-8"?>
<!-- Generated by org.testng.reporters.JUnitXMLReporter -->
<testsuite ignored="0" hostname="CTLT095" failures="0" tests="3" name="Default test" time="10.803" errors="0" timestamp="2020-10-26T18:37:13 IST">
  <testcase classname="com.nextgen.webautomation.testcases.PaymentScreenTesting" name="paymentOptionsTest" time="3.298"/>
  <testcase classname="com.nextgen.webautomation.testcases.PaymentScreenTesting" name="paymentOptionsTest" time="0.897"/>
  <testcase classname="com.nextgen.webautomation.testcases.PaymentScreenTesting" name="paymentOptionsTest" time="0.824"/>
</testsuite> <!-- Default test -->
