<?xml version="1.0" encoding="UTF-8"?>
<!-- Generated by org.testng.reporters.JUnitXMLReporter -->
<testsuite ignored="0" hostname="CTLT095" failures="1" tests="1" name="Nopackage" time="0.863" errors="0" timestamp="2020-09-30T00:52:47 IST">
  <testcase classname="com.nextgen.webautomation.testcases.Sanity" name="sanitycheck" time="0.007">
    <failure type="java.lang.IllegalStateException" message="No Scope registered for scope name &amp;apos;browser&amp;apos;">
      <![CDATA[java.lang.IllegalStateException: No Scope registered for scope name 'browser'
at org.springframework.beans.factory.support.AbstractBeanFactory.doGetBean(AbstractBeanFactory.java:357)
at org.springframework.beans.factory.support.AbstractBeanFactory.getBean(AbstractBeanFactory.java:207)
at org.springframework.context.support.AbstractApplicationContext.getBean(AbstractApplicationContext.java:1115)
at com.nextgen.webautomation.browserconfig.BrowserFactory.getBrowser(BrowserFactory.java:22)
at com.nextgen.webautomation.testcases.Sanity.sanitycheck(Sanity.java:27)
at org.springframework.test.context.testng.AbstractTestNGSpringContextTests.run(AbstractTestNGSpringContextTests.java:181)
at java.base/java.util.ArrayList.forEach(ArrayList.java:1541)
... Removed 29 stack frames]]>
    </failure>
  </testcase> <!-- sanitycheck -->
</testsuite> <!-- Nopackage -->
