<?xml version="1.0" encoding="UTF-8"?>
<testng-results ignored="0" total="3" passed="3" failed="0" skipped="0">
  <reporter-output>
  </reporter-output>
  <suite started-at="2020-10-26T18:37:02 IST" name="Default suite" finished-at="2020-10-26T18:37:12 IST" duration-ms="10803">
    <groups>
    </groups>
    <test started-at="2020-10-26T18:37:02 IST" name="Default test" finished-at="2020-10-26T18:37:12 IST" duration-ms="10803">
      <class name="com.nextgen.webautomation.testcases.PaymentScreenTesting">
        <test-method is-config="true" signature="springTestContextBeforeTestClass()[pri:0, instance:com.nextgen.webautomation.testcases.PaymentScreenTesting@3e5499cc]" started-at="2020-10-26T18:37:02 IST" name="springTestContextBeforeTestClass" finished-at="2020-10-26T18:37:02 IST" duration-ms="8" status="PASS">
          <reporter-output>
          </reporter-output>
        </test-method> <!-- springTestContextBeforeTestClass -->
        <test-method is-config="true" signature="springTestContextPrepareTestInstance()[pri:0, instance:com.nextgen.webautomation.testcases.PaymentScreenTesting@3e5499cc]" started-at="2020-10-26T18:37:02 IST" name="springTestContextPrepareTestInstance" finished-at="2020-10-26T18:37:05 IST" depends-on-methods="org.springframework.test.context.testng.AbstractTestNGSpringContextTests.springTestContextBeforeTestClass" duration-ms="2936" status="PASS">
          <reporter-output>
          </reporter-output>
        </test-method> <!-- springTestContextPrepareTestInstance -->
        <test-method is-config="true" signature="before_each_testClass()[pri:0, instance:com.nextgen.webautomation.testcases.PaymentScreenTesting@3e5499cc]" started-at="2020-10-26T18:37:05 IST" name="before_each_testClass" finished-at="2020-10-26T18:37:06 IST" duration-ms="1790" status="PASS">
          <reporter-output>
          </reporter-output>
        </test-method> <!-- before_each_testClass -->
        <test-method is-config="true" signature="springTestContextBeforeTestMethod(java.lang.reflect.Method)[pri:0, instance:com.nextgen.webautomation.testcases.PaymentScreenTesting@3e5499cc]" started-at="2020-10-26T18:37:07 IST" name="springTestContextBeforeTestMethod" finished-at="2020-10-26T18:37:07 IST" duration-ms="3" status="PASS">
          <params>
            <param index="0">
              <value>
                <![CDATA[public void com.nextgen.webautomation.testcases.PaymentScreenTesting.paymentOptionsTest(com.nextgen.webautomation.stratergypatternapp.PaymentOptions,java.util.Map)]]>
              </value>
            </param>
          </params>
          <reporter-output>
          </reporter-output>
        </test-method> <!-- springTestContextBeforeTestMethod -->
        <test-method signature="paymentOptionsTest(com.nextgen.webautomation.stratergypatternapp.PaymentOptions, java.util.Map)[pri:0, instance:com.nextgen.webautomation.testcases.PaymentScreenTesting@3e5499cc]" started-at="2020-10-26T18:37:07 IST" name="paymentOptionsTest" data-provider="PaymentTesting" finished-at="2020-10-26T18:37:10 IST" duration-ms="3298" status="PASS">
          <params>
            <param index="0">
              <value>
                <![CDATA[com.nextgen.webautomation.stratergypatternapp.CreditCard@734cf881]]>
              </value>
            </param>
            <param index="1">
              <value>
                <![CDATA[{cc=1231231231, firstName=Lionel, lastName=Messi, cvv=123, mail=test01@gmail.com, year=2023}]]>
              </value>
            </param>
          </params>
          <reporter-output>
          </reporter-output>
        </test-method> <!-- paymentOptionsTest -->
        <test-method is-config="true" signature="springTestContextAfterTestMethod(java.lang.reflect.Method)[pri:0, instance:com.nextgen.webautomation.testcases.PaymentScreenTesting@3e5499cc]" started-at="2020-10-26T18:37:10 IST" name="springTestContextAfterTestMethod" finished-at="2020-10-26T18:37:10 IST" duration-ms="2" status="PASS">
          <params>
            <param index="0">
              <value>
                <![CDATA[public void com.nextgen.webautomation.testcases.PaymentScreenTesting.paymentOptionsTest(com.nextgen.webautomation.stratergypatternapp.PaymentOptions,java.util.Map)]]>
              </value>
            </param>
          </params>
          <reporter-output>
          </reporter-output>
        </test-method> <!-- springTestContextAfterTestMethod -->
        <test-method is-config="true" signature="springTestContextBeforeTestMethod(java.lang.reflect.Method)[pri:0, instance:com.nextgen.webautomation.testcases.PaymentScreenTesting@3e5499cc]" started-at="2020-10-26T18:37:10 IST" name="springTestContextBeforeTestMethod" finished-at="2020-10-26T18:37:10 IST" duration-ms="0" status="PASS">
          <params>
            <param index="0">
              <value>
                <![CDATA[public void com.nextgen.webautomation.testcases.PaymentScreenTesting.paymentOptionsTest(com.nextgen.webautomation.stratergypatternapp.PaymentOptions,java.util.Map)]]>
              </value>
            </param>
          </params>
          <reporter-output>
          </reporter-output>
        </test-method> <!-- springTestContextBeforeTestMethod -->
        <test-method signature="paymentOptionsTest(com.nextgen.webautomation.stratergypatternapp.PaymentOptions, java.util.Map)[pri:0, instance:com.nextgen.webautomation.testcases.PaymentScreenTesting@3e5499cc]" started-at="2020-10-26T18:37:10 IST" name="paymentOptionsTest" data-provider="PaymentTesting" finished-at="2020-10-26T18:37:11 IST" duration-ms="897" status="PASS">
          <params>
            <param index="0">
              <value>
                <![CDATA[com.nextgen.webautomation.stratergypatternapp.NetBanking@270b8c2a]]>
              </value>
            </param>
            <param index="1">
              <value>
                <![CDATA[{atmPin=999, firstName=Sadio, lastName=Mane, bank=WELLS FARGO, mail=test02@gmail.com, accountNumber=myaccount123}]]>
              </value>
            </param>
          </params>
          <reporter-output>
          </reporter-output>
        </test-method> <!-- paymentOptionsTest -->
        <test-method is-config="true" signature="springTestContextAfterTestMethod(java.lang.reflect.Method)[pri:0, instance:com.nextgen.webautomation.testcases.PaymentScreenTesting@3e5499cc]" started-at="2020-10-26T18:37:11 IST" name="springTestContextAfterTestMethod" finished-at="2020-10-26T18:37:11 IST" duration-ms="0" status="PASS">
          <params>
            <param index="0">
              <value>
                <![CDATA[public void com.nextgen.webautomation.testcases.PaymentScreenTesting.paymentOptionsTest(com.nextgen.webautomation.stratergypatternapp.PaymentOptions,java.util.Map)]]>
              </value>
            </param>
          </params>
          <reporter-output>
          </reporter-output>
        </test-method> <!-- springTestContextAfterTestMethod -->
        <test-method is-config="true" signature="springTestContextBeforeTestMethod(java.lang.reflect.Method)[pri:0, instance:com.nextgen.webautomation.testcases.PaymentScreenTesting@3e5499cc]" started-at="2020-10-26T18:37:11 IST" name="springTestContextBeforeTestMethod" finished-at="2020-10-26T18:37:11 IST" duration-ms="0" status="PASS">
          <params>
            <param index="0">
              <value>
                <![CDATA[public void com.nextgen.webautomation.testcases.PaymentScreenTesting.paymentOptionsTest(com.nextgen.webautomation.stratergypatternapp.PaymentOptions,java.util.Map)]]>
              </value>
            </param>
          </params>
          <reporter-output>
          </reporter-output>
        </test-method> <!-- springTestContextBeforeTestMethod -->
        <test-method signature="paymentOptionsTest(com.nextgen.webautomation.stratergypatternapp.PaymentOptions, java.util.Map)[pri:0, instance:com.nextgen.webautomation.testcases.PaymentScreenTesting@3e5499cc]" started-at="2020-10-26T18:37:11 IST" name="paymentOptionsTest" data-provider="PaymentTesting" finished-at="2020-10-26T18:37:12 IST" duration-ms="824" status="PASS">
          <params>
            <param index="0">
              <value>
                <![CDATA[com.nextgen.webautomation.stratergypatternapp.CreditCard@56f84c9b]]>
              </value>
            </param>
            <param index="1">
              <value>
                <![CDATA[{cc=2342342341, firstName=Mo, lastName=Salah, cvv=456, mail=test03@gmail.com, year=2024}]]>
              </value>
            </param>
          </params>
          <reporter-output>
          </reporter-output>
        </test-method> <!-- paymentOptionsTest -->
        <test-method is-config="true" signature="springTestContextAfterTestMethod(java.lang.reflect.Method)[pri:0, instance:com.nextgen.webautomation.testcases.PaymentScreenTesting@3e5499cc]" started-at="2020-10-26T18:37:12 IST" name="springTestContextAfterTestMethod" finished-at="2020-10-26T18:37:12 IST" duration-ms="1" status="PASS">
          <params>
            <param index="0">
              <value>
                <![CDATA[public void com.nextgen.webautomation.testcases.PaymentScreenTesting.paymentOptionsTest(com.nextgen.webautomation.stratergypatternapp.PaymentOptions,java.util.Map)]]>
              </value>
            </param>
          </params>
          <reporter-output>
          </reporter-output>
        </test-method> <!-- springTestContextAfterTestMethod -->
        <test-method is-config="true" signature="after_each_testClass()[pri:0, instance:com.nextgen.webautomation.testcases.PaymentScreenTesting@3e5499cc]" started-at="2020-10-26T18:37:12 IST" name="after_each_testClass" finished-at="2020-10-26T18:37:12 IST" duration-ms="813" status="PASS">
          <reporter-output>
          </reporter-output>
        </test-method> <!-- after_each_testClass -->
        <test-method is-config="true" signature="springTestContextAfterTestClass()[pri:0, instance:com.nextgen.webautomation.testcases.PaymentScreenTesting@3e5499cc]" started-at="2020-10-26T18:37:12 IST" name="springTestContextAfterTestClass" finished-at="2020-10-26T18:37:12 IST" duration-ms="3" status="PASS">
          <reporter-output>
          </reporter-output>
        </test-method> <!-- springTestContextAfterTestClass -->
      </class> <!-- com.nextgen.webautomation.testcases.PaymentScreenTesting -->
    </test> <!-- Default test -->
  </suite> <!-- Default suite -->
</testng-results>
